Analysis & Synthesis report for qimo
Fri Dec 18 09:29:21 2020
Quartus II Version 9.0 Build 132 02/25/2009 SJ Web Edition


---------------------
; Table of Contents ;
---------------------
  1. Legal Notice
  2. Analysis & Synthesis Summary
  3. Analysis & Synthesis Settings
  4. Analysis & Synthesis Source Files Read
  5. Analysis & Synthesis Resource Usage Summary
  6. Analysis & Synthesis Resource Utilization by Entity
  7. Analysis & Synthesis RAM Summary
  8. Registers Removed During Synthesis
  9. General Register Statistics
 10. Inverted Register Statistics
 11. Registers Packed Into Inferred Megafunctions
 12. Multiplexer Restructuring Statistics (Restructuring Performed)
 13. Source assignments for decorder:d4|altsyncram:WideOr1_rtl_0|altsyncram_5lu:auto_generated
 14. Parameter Settings for Inferred Entity Instance: decorder:d4|altsyncram:WideOr1_rtl_0
 15. altsyncram Parameter Settings by Entity Instance
 16. Port Connectivity Checks: "div_c:d3"
 17. Port Connectivity Checks: "div_f:d2"
 18. Analysis & Synthesis Messages



----------------
; Legal Notice ;
----------------
Copyright (C) 1991-2009 Altera Corporation
Your use of Altera Corporation's design tools, logic functions 
and other software and tools, and its AMPP partner logic 
functions, and any output files from any of the foregoing 
(including device programming or simulation files), and any 
associated documentation or information are expressly subject 
to the terms and conditions of the Altera Program License 
Subscription Agreement, Altera MegaCore Function License 
Agreement, or other applicable license agreement, including, 
without limitation, that your use is for the sole purpose of 
programming logic devices manufactured by Altera and sold by 
Altera or its authorized distributors.  Please refer to the 
applicable agreement for further details.



+-----------------------------------------------------------------------+
; Analysis & Synthesis Summary                                          ;
+-----------------------------+-----------------------------------------+
; Analysis & Synthesis Status ; Successful - Fri Dec 18 09:29:20 2020   ;
; Quartus II Version          ; 9.0 Build 132 02/25/2009 SJ Web Edition ;
; Revision Name               ; qimo                                    ;
; Top-level Entity Name       ; qimo                                    ;
; Family                      ; Cyclone                                 ;
; Total logic elements        ; 1,402                                   ;
; Total pins                  ; 53                                      ;
; Total virtual pins          ; 0                                       ;
; Total memory bits           ; 5,632                                   ;
; Total PLLs                  ; 0                                       ;
+-----------------------------+-----------------------------------------+


+----------------------------------------------------------------------------------------------------------+
; Analysis & Synthesis Settings                                                                            ;
+----------------------------------------------------------------+--------------------+--------------------+
; Option                                                         ; Setting            ; Default Value      ;
+----------------------------------------------------------------+--------------------+--------------------+
; Device                                                         ; EP1C12Q240C8       ;                    ;
; Top-level entity name                                          ; qimo               ; qimo               ;
; Family name                                                    ; Cyclone            ; Stratix II         ;
; Use Generated Physical Constraints File                        ; Off                ;                    ;
; Use smart compilation                                          ; Off                ; Off                ;
; Restructure Multiplexers                                       ; Auto               ; Auto               ;
; Create Debugging Nodes for IP Cores                            ; Off                ; Off                ;
; Preserve fewer node names                                      ; On                 ; On                 ;
; Disable OpenCore Plus hardware evaluation                      ; Off                ; Off                ;
; Verilog Version                                                ; Verilog_2001       ; Verilog_2001       ;
; VHDL Version                                                   ; VHDL93             ; VHDL93             ;
; State Machine Processing                                       ; Auto               ; Auto               ;
; Safe State Machine                                             ; Off                ; Off                ;
; Extract Verilog State Machines                                 ; On                 ; On                 ;
; Extract VHDL State Machines                                    ; On                 ; On                 ;
; Ignore Verilog initial constructs                              ; Off                ; Off                ;
; Iteration limit for constant Verilog loops                     ; 5000               ; 5000               ;
; Iteration limit for non-constant Verilog loops                 ; 250                ; 250                ;
; Add Pass-Through Logic to Inferred RAMs                        ; On                 ; On                 ;
; Parallel Synthesis                                             ; Off                ; Off                ;
; NOT Gate Push-Back                                             ; On                 ; On                 ;
; Power-Up Don't Care                                            ; On                 ; On                 ;
; Remove Redundant Logic Cells                                   ; Off                ; Off                ;
; Remove Duplicate Registers                                     ; On                 ; On                 ;
; Ignore CARRY Buffers                                           ; Off                ; Off                ;
; Ignore CASCADE Buffers                                         ; Off                ; Off                ;
; Ignore GLOBAL Buffers                                          ; Off                ; Off                ;
; Ignore ROW GLOBAL Buffers                                      ; Off                ; Off                ;
; Ignore LCELL Buffers                                           ; Off                ; Off                ;
; Ignore SOFT Buffers                                            ; On                 ; On                 ;
; Limit AHDL Integers to 32 Bits                                 ; Off                ; Off                ;
; Optimization Technique                                         ; Balanced           ; Balanced           ;
; Carry Chain Length                                             ; 70                 ; 70                 ;
; Auto Carry Chains                                              ; On                 ; On                 ;
; Auto Open-Drain Pins                                           ; On                 ; On                 ;
; Perform WYSIWYG Primitive Resynthesis                          ; Off                ; Off                ;
; Auto ROM Replacement                                           ; On                 ; On                 ;
; Auto RAM Replacement                                           ; On                 ; On                 ;
; Auto Shift Register Replacement                                ; Auto               ; Auto               ;
; Auto Clock Enable Replacement                                  ; On                 ; On                 ;
; Strict RAM Replacement                                         ; Off                ; Off                ;
; Allow Synchronous Control Signals                              ; On                 ; On                 ;
; Force Use of Synchronous Clear Signals                         ; Off                ; Off                ;
; Auto RAM Block Balancing                                       ; On                 ; On                 ;
; Auto RAM to Logic Cell Conversion                              ; Off                ; Off                ;
; Auto Resource Sharing                                          ; Off                ; Off                ;
; Allow Any RAM Size For Recognition                             ; Off                ; Off                ;
; Allow Any ROM Size For Recognition                             ; Off                ; Off                ;
; Allow Any Shift Register Size For Recognition                  ; Off                ; Off                ;
; Use LogicLock Constraints during Resource Balancing            ; On                 ; On                 ;
; Ignore translate_off and synthesis_off directives              ; Off                ; Off                ;
; Show Parameter Settings Tables in Synthesis Report             ; On                 ; On                 ;
; Ignore Maximum Fan-Out Assignments                             ; Off                ; Off                ;
; Synchronization Register Chain Length                          ; 2                  ; 2                  ;
; PowerPlay Power Optimization                                   ; Normal compilation ; Normal compilation ;
; HDL message level                                              ; Level2             ; Level2             ;
; Suppress Register Optimization Related Messages                ; Off                ; Off                ;
; Number of Removed Registers Reported in Synthesis Report       ; 100                ; 100                ;
; Number of Inverted Registers Reported in Synthesis Report      ; 100                ; 100                ;
; Clock MUX Protection                                           ; On                 ; On                 ;
; Block Design Naming                                            ; Auto               ; Auto               ;
; Synthesis Effort                                               ; Auto               ; Auto               ;
; Allows Asynchronous Clear Usage For Shift Register Replacement ; On                 ; On                 ;
; Analysis & Synthesis Message Level                             ; Medium             ; Medium             ;
+----------------------------------------------------------------+--------------------+--------------------+


+--------------------------------------------------------------------------------------------------------------------------------------------------------+
; Analysis & Synthesis Source Files Read                                                                                                                 ;
+----------------------------------+-----------------+------------------------------+--------------------------------------------------------------------+
; File Name with User-Entered Path ; Used in Netlist ; File Type                    ; File Name with Absolute Path                                       ;
+----------------------------------+-----------------+------------------------------+--------------------------------------------------------------------+
; qimo.v                           ; yes             ; User Verilog HDL File        ; C:/Users/User/Desktop/qimo_v10/qimo.v                              ;
; altsyncram.tdf                   ; yes             ; Megafunction                 ; c:/altera/90/quartus/libraries/megafunctions/altsyncram.tdf        ;
; stratix_ram_block.inc            ; yes             ; Megafunction                 ; c:/altera/90/quartus/libraries/megafunctions/stratix_ram_block.inc ;
; lpm_mux.inc                      ; yes             ; Megafunction                 ; c:/altera/90/quartus/libraries/megafunctions/lpm_mux.inc           ;
; lpm_decode.inc                   ; yes             ; Megafunction                 ; c:/altera/90/quartus/libraries/megafunctions/lpm_decode.inc        ;
; aglobal90.inc                    ; yes             ; Megafunction                 ; c:/altera/90/quartus/libraries/megafunctions/aglobal90.inc         ;
; a_rdenreg.inc                    ; yes             ; Megafunction                 ; c:/altera/90/quartus/libraries/megafunctions/a_rdenreg.inc         ;
; altrom.inc                       ; yes             ; Megafunction                 ; c:/altera/90/quartus/libraries/megafunctions/altrom.inc            ;
; altram.inc                       ; yes             ; Megafunction                 ; c:/altera/90/quartus/libraries/megafunctions/altram.inc            ;
; altdpram.inc                     ; yes             ; Megafunction                 ; c:/altera/90/quartus/libraries/megafunctions/altdpram.inc          ;
; altqpram.inc                     ; yes             ; Megafunction                 ; c:/altera/90/quartus/libraries/megafunctions/altqpram.inc          ;
; db/altsyncram_5lu.tdf            ; yes             ; Auto-Generated Megafunction  ; C:/Users/User/Desktop/qimo_v10/db/altsyncram_5lu.tdf               ;
+----------------------------------+-----------------+------------------------------+--------------------------------------------------------------------+


+-----------------------------------------------------+
; Analysis & Synthesis Resource Usage Summary         ;
+---------------------------------------------+-------+
; Resource                                    ; Usage ;
+---------------------------------------------+-------+
; Total logic elements                        ; 1402  ;
;     -- Combinational with no register       ; 774   ;
;     -- Register only                        ; 33    ;
;     -- Combinational with a register        ; 595   ;
;                                             ;       ;
; Logic element usage by number of LUT inputs ;       ;
;     -- 4 input functions                    ; 651   ;
;     -- 3 input functions                    ; 640   ;
;     -- 2 input functions                    ; 75    ;
;     -- 1 input functions                    ; 3     ;
;     -- 0 input functions                    ; 0     ;
;                                             ;       ;
; Logic elements by mode                      ;       ;
;     -- normal mode                          ; 1348  ;
;     -- arithmetic mode                      ; 54    ;
;     -- qfbk mode                            ; 0     ;
;     -- register cascade mode                ; 0     ;
;     -- synchronous clear/load mode          ; 530   ;
;     -- asynchronous clear/load mode         ; 0     ;
;                                             ;       ;
; Total registers                             ; 628   ;
; Total logic cells in carry chains           ; 61    ;
; I/O pins                                    ; 53    ;
; Total memory bits                           ; 5632  ;
; Maximum fan-out node                        ; clk   ;
; Maximum fan-out                             ; 613   ;
; Total fan-out                               ; 6563  ;
; Average fan-out                             ; 4.48  ;
+---------------------------------------------+-------+


+------------------------------------------------------------------------------------------------------------------------------------------------------------------------------------------------------------------------------------------------------------------------------------------+
; Analysis & Synthesis Resource Utilization by Entity                                                                                                                                                                                                                                      ;
+------------------------------------------+-------------+--------------+-------------+------+--------------+--------------+-------------------+------------------+-----------------+------------+--------------------------------------------------------------------------+--------------+
; Compilation Hierarchy Node               ; Logic Cells ; LC Registers ; Memory Bits ; Pins ; Virtual Pins ; LUT-Only LCs ; Register-Only LCs ; LUT/Register LCs ; Carry Chain LCs ; Packed LCs ; Full Hierarchy Name                                                      ; Library Name ;
+------------------------------------------+-------------+--------------+-------------+------+--------------+--------------+-------------------+------------------+-----------------+------------+--------------------------------------------------------------------------+--------------+
; |qimo                                    ; 1402 (0)    ; 628          ; 5632        ; 53   ; 0            ; 774 (0)      ; 33 (0)            ; 595 (0)          ; 61 (0)          ; 0 (0)      ; |qimo                                                                    ; work         ;
;    |contorller:c4|                       ; 412 (412)   ; 26           ; 0           ; 0    ; 0            ; 386 (386)    ; 5 (5)             ; 21 (21)          ; 25 (25)         ; 0 (0)      ; |qimo|contorller:c4                                                      ; work         ;
;    |decorder:d4|                         ; 51 (51)     ; 19           ; 5632        ; 0    ; 0            ; 32 (32)      ; 18 (18)           ; 1 (1)            ; 9 (9)           ; 0 (0)      ; |qimo|decorder:d4                                                        ; work         ;
;       |altsyncram:WideOr1_rtl_0|         ; 0 (0)       ; 0            ; 5632        ; 0    ; 0            ; 0 (0)        ; 0 (0)             ; 0 (0)            ; 0 (0)           ; 0 (0)      ; |qimo|decorder:d4|altsyncram:WideOr1_rtl_0                               ; work         ;
;          |altsyncram_5lu:auto_generated| ; 0 (0)       ; 0            ; 5632        ; 0    ; 0            ; 0 (0)        ; 0 (0)             ; 0 (0)            ; 0 (0)           ; 0 (0)      ; |qimo|decorder:d4|altsyncram:WideOr1_rtl_0|altsyncram_5lu:auto_generated ; work         ;
;    |div_c:d3|                            ; 13 (13)     ; 10           ; 0           ; 0    ; 0            ; 3 (3)        ; 1 (1)             ; 9 (9)            ; 9 (9)           ; 0 (0)      ; |qimo|div_c:d3                                                           ; work         ;
;    |div_f:d2|                            ; 3 (3)       ; 3            ; 0           ; 0    ; 0            ; 0 (0)        ; 0 (0)             ; 3 (3)            ; 0 (0)           ; 0 (0)      ; |qimo|div_f:d2                                                           ; work         ;
;    |flasher:f1|                          ; 368 (368)   ; 48           ; 0           ; 0    ; 0            ; 320 (320)    ; 0 (0)             ; 48 (48)          ; 0 (0)           ; 0 (0)      ; |qimo|flasher:f1                                                         ; work         ;
;    |shifter:s1|                          ; 555 (555)   ; 522          ; 0           ; 0    ; 0            ; 33 (33)      ; 9 (9)             ; 513 (513)        ; 18 (18)         ; 0 (0)      ; |qimo|shifter:s1                                                         ; work         ;
+------------------------------------------+-------------+--------------+-------------+------+--------------+--------------+-------------------+------------------+-----------------+------------+--------------------------------------------------------------------------+--------------+
Note: For table entries with two numbers listed, the numbers in parentheses indicate the number of resources of the given type used by the specific entity alone. The numbers listed outside of parentheses indicate the total resources of the given type used by the specific entity and all of its sub-entities in the hierarchy.


+-------------------------------------------------------------------------------------------------------------------------------------------------------------------------------------+
; Analysis & Synthesis RAM Summary                                                                                                                                                    ;
+-------------------------------------------------------------------------------+------+------+--------------+--------------+--------------+--------------+------+--------------------+
; Name                                                                          ; Type ; Mode ; Port A Depth ; Port A Width ; Port B Depth ; Port B Width ; Size ; MIF                ;
+-------------------------------------------------------------------------------+------+------+--------------+--------------+--------------+--------------+------+--------------------+
; decorder:d4|altsyncram:WideOr1_rtl_0|altsyncram_5lu:auto_generated|ALTSYNCRAM ; AUTO ; ROM  ; 512          ; 11           ; --           ; --           ; 5632 ; qimo.qimo0.rtl.mif ;
+-------------------------------------------------------------------------------+------+------+--------------+--------------+--------------+--------------+------+--------------------+


+--------------------------------------------------------------------------------+
; Registers Removed During Synthesis                                             ;
+---------------------------------------+----------------------------------------+
; Register name                         ; Reason for Removal                     ;
+---------------------------------------+----------------------------------------+
; decorder:d4|decord[0..2]              ; Stuck at GND due to stuck port data_in ;
; decorder:d4|decord[14]                ; Merged with decorder:d4|decord[15]     ;
; div_f:d2|count[0]                     ; Merged with div_c:d3|count[0]          ;
; Total Number of Removed Registers = 5 ;                                        ;
+---------------------------------------+----------------------------------------+


+------------------------------------------------------+
; General Register Statistics                          ;
+----------------------------------------------+-------+
; Statistic                                    ; Value ;
+----------------------------------------------+-------+
; Total registers                              ; 628   ;
; Number of registers using Synchronous Clear  ; 526   ;
; Number of registers using Synchronous Load   ; 4     ;
; Number of registers using Asynchronous Clear ; 0     ;
; Number of registers using Asynchronous Load  ; 0     ;
; Number of registers using Clock Enable       ; 533   ;
; Number of registers using Preset             ; 0     ;
+----------------------------------------------+-------+


+--------------------------------------------------+
; Inverted Register Statistics                     ;
+----------------------------------------+---------+
; Inverted Register                      ; Fan out ;
+----------------------------------------+---------+
; contorller:c4|player[1]                ; 61      ;
; Total number of inverted registers = 1 ;         ;
+----------------------------------------+---------+


+-------------------------------------------------------+
; Registers Packed Into Inferred Megafunctions          ;
+------------------------+-----------------------+------+
; Register Name          ; Megafunction          ; Type ;
+------------------------+-----------------------+------+
; decorder:d4|decord[13] ; decorder:d4|WideOr1~0 ; ROM  ;
; decorder:d4|decord[12] ; decorder:d4|WideOr1~0 ; ROM  ;
; decorder:d4|decord[11] ; decorder:d4|WideOr1~0 ; ROM  ;
; decorder:d4|decord[10] ; decorder:d4|WideOr1~0 ; ROM  ;
; decorder:d4|decord[9]  ; decorder:d4|WideOr1~0 ; ROM  ;
; decorder:d4|decord[8]  ; decorder:d4|WideOr1~0 ; ROM  ;
; decorder:d4|decord[7]  ; decorder:d4|WideOr1~0 ; ROM  ;
; decorder:d4|decord[6]  ; decorder:d4|WideOr1~0 ; ROM  ;
; decorder:d4|decord[5]  ; decorder:d4|WideOr1~0 ; ROM  ;
; decorder:d4|decord[4]  ; decorder:d4|WideOr1~0 ; ROM  ;
; decorder:d4|decord[3]  ; decorder:d4|WideOr1~0 ; ROM  ;
+------------------------+-----------------------+------+


+------------------------------------------------------------------------------------------------------------------------------------------------------+
; Multiplexer Restructuring Statistics (Restructuring Performed)                                                                                       ;
+--------------------+-----------+---------------+----------------------+------------------------+------------+----------------------------------------+
; Multiplexer Inputs ; Bus Width ; Baseline Area ; Area if Restructured ; Saving if Restructured ; Registered ; Example Multiplexer Output             ;
+--------------------+-----------+---------------+----------------------+------------------------+------------+----------------------------------------+
; 16:1               ; 32 bits   ; 320 LEs       ; 320 LEs              ; 0 LEs                  ; Yes        ; |qimo|flasher:f1|martix_r2[2]          ;
; 5:1                ; 3 bits    ; 9 LEs         ; 3 LEs                ; 6 LEs                  ; Yes        ; |qimo|shifter:s1|martix[1]             ;
; 5:1                ; 3 bits    ; 9 LEs         ; 3 LEs                ; 6 LEs                  ; Yes        ; |qimo|shifter:s1|martix[497]           ;
; 5:1                ; 506 bits  ; 1518 LEs      ; 1012 LEs             ; 506 LEs                ; Yes        ; |qimo|shifter:s1|martix[192]           ;
; 6:1                ; 4 bits    ; 16 LEs        ; 8 LEs                ; 8 LEs                  ; Yes        ; |qimo|contorller:c4|up_tmp[3]          ;
; 7:1                ; 9 bits    ; 36 LEs        ; 18 LEs               ; 18 LEs                 ; Yes        ; |qimo|contorller:c4|counter_process[4] ;
; 21:1               ; 2 bits    ; 28 LEs        ; 8 LEs                ; 20 LEs                 ; Yes        ; |qimo|contorller:c4|player[2]          ;
; 3:1                ; 4 bits    ; 8 LEs         ; 4 LEs                ; 4 LEs                  ; No         ; |qimo|contorller:c4|player~8           ;
; 3:1                ; 4 bits    ; 8 LEs         ; 8 LEs                ; 0 LEs                  ; No         ; |qimo|contorller:c4|up_tmp~5           ;
; 3:1                ; 4 bits    ; 8 LEs         ; 8 LEs                ; 0 LEs                  ; No         ; |qimo|decorder:d4|line_cal~20          ;
; 3:1                ; 8 bits    ; 16 LEs        ; 8 LEs                ; 8 LEs                  ; No         ; |qimo|contorller:c4|Add0               ;
; 4:1                ; 4 bits    ; 8 LEs         ; 8 LEs                ; 0 LEs                  ; No         ; |qimo|contorller:c4|up_tmp~16          ;
; 4:1                ; 9 bits    ; 18 LEs        ; 9 LEs                ; 9 LEs                  ; No         ; |qimo|contorller:c4|counter_process~24 ;
; 16:1               ; 2 bits    ; 20 LEs        ; 20 LEs               ; 0 LEs                  ; No         ; |qimo|contorller:c4|Mux8               ;
; 16:1               ; 2 bits    ; 20 LEs        ; 10 LEs               ; 10 LEs                 ; No         ; |qimo|contorller:c4|Mux5               ;
; 6:1                ; 4 bits    ; 16 LEs        ; 12 LEs               ; 4 LEs                  ; No         ; |qimo|contorller:c4|player~0           ;
; 13:1               ; 2 bits    ; 16 LEs        ; 12 LEs               ; 4 LEs                  ; No         ; |qimo|contorller:c4|count_pt~49        ;
; 14:1               ; 2 bits    ; 18 LEs        ; 14 LEs               ; 4 LEs                  ; No         ; |qimo|contorller:c4|count_p~53         ;
+--------------------+-----------+---------------+----------------------+------------------------+------------+----------------------------------------+


+-------------------------------------------------------------------------------------------+
; Source assignments for decorder:d4|altsyncram:WideOr1_rtl_0|altsyncram_5lu:auto_generated ;
+---------------------------------+--------------------+------+-----------------------------+
; Assignment                      ; Value              ; From ; To                          ;
+---------------------------------+--------------------+------+-----------------------------+
; OPTIMIZE_POWER_DURING_SYNTHESIS ; NORMAL_COMPILATION ; -    ; -                           ;
+---------------------------------+--------------------+------+-----------------------------+


+---------------------------------------------------------------------------------------+
; Parameter Settings for Inferred Entity Instance: decorder:d4|altsyncram:WideOr1_rtl_0 ;
+------------------------------------+----------------------+---------------------------+
; Parameter Name                     ; Value                ; Type                      ;
+------------------------------------+----------------------+---------------------------+
; BYTE_SIZE_BLOCK                    ; 8                    ; Untyped                   ;
; AUTO_CARRY_CHAINS                  ; ON                   ; AUTO_CARRY                ;
; IGNORE_CARRY_BUFFERS               ; OFF                  ; IGNORE_CARRY              ;
; AUTO_CASCADE_CHAINS                ; ON                   ; AUTO_CASCADE              ;
; IGNORE_CASCADE_BUFFERS             ; OFF                  ; IGNORE_CASCADE            ;
; WIDTH_BYTEENA                      ; 1                    ; Untyped                   ;
; OPERATION_MODE                     ; ROM                  ; Untyped                   ;
; WIDTH_A                            ; 11                   ; Untyped                   ;
; WIDTHAD_A                          ; 9                    ; Untyped                   ;
; NUMWORDS_A                         ; 512                  ; Untyped                   ;
; OUTDATA_REG_A                      ; UNREGISTERED         ; Untyped                   ;
; ADDRESS_ACLR_A                     ; NONE                 ; Untyped                   ;
; OUTDATA_ACLR_A                     ; NONE                 ; Untyped                   ;
; WRCONTROL_ACLR_A                   ; NONE                 ; Untyped                   ;
; INDATA_ACLR_A                      ; NONE                 ; Untyped                   ;
; BYTEENA_ACLR_A                     ; NONE                 ; Untyped                   ;
; WIDTH_B                            ; 1                    ; Untyped                   ;
; WIDTHAD_B                          ; 1                    ; Untyped                   ;
; NUMWORDS_B                         ; 1                    ; Untyped                   ;
; INDATA_REG_B                       ; CLOCK1               ; Untyped                   ;
; WRCONTROL_WRADDRESS_REG_B          ; CLOCK1               ; Untyped                   ;
; RDCONTROL_REG_B                    ; CLOCK1               ; Untyped                   ;
; ADDRESS_REG_B                      ; CLOCK1               ; Untyped                   ;
; OUTDATA_REG_B                      ; UNREGISTERED         ; Untyped                   ;
; BYTEENA_REG_B                      ; CLOCK1               ; Untyped                   ;
; INDATA_ACLR_B                      ; NONE                 ; Untyped                   ;
; WRCONTROL_ACLR_B                   ; NONE                 ; Untyped                   ;
; ADDRESS_ACLR_B                     ; NONE                 ; Untyped                   ;
; OUTDATA_ACLR_B                     ; NONE                 ; Untyped                   ;
; RDCONTROL_ACLR_B                   ; NONE                 ; Untyped                   ;
; BYTEENA_ACLR_B                     ; NONE                 ; Untyped                   ;
; WIDTH_BYTEENA_A                    ; 1                    ; Untyped                   ;
; WIDTH_BYTEENA_B                    ; 1                    ; Untyped                   ;
; RAM_BLOCK_TYPE                     ; AUTO                 ; Untyped                   ;
; BYTE_SIZE                          ; 8                    ; Untyped                   ;
; READ_DURING_WRITE_MODE_MIXED_PORTS ; DONT_CARE            ; Untyped                   ;
; READ_DURING_WRITE_MODE_PORT_A      ; NEW_DATA_NO_NBE_READ ; Untyped                   ;
; READ_DURING_WRITE_MODE_PORT_B      ; NEW_DATA_NO_NBE_READ ; Untyped                   ;
; INIT_FILE                          ; qimo.qimo0.rtl.mif   ; Untyped                   ;
; INIT_FILE_LAYOUT                   ; PORT_A               ; Untyped                   ;
; MAXIMUM_DEPTH                      ; 0                    ; Untyped                   ;
; CLOCK_ENABLE_INPUT_A               ; NORMAL               ; Untyped                   ;
; CLOCK_ENABLE_INPUT_B               ; NORMAL               ; Untyped                   ;
; CLOCK_ENABLE_OUTPUT_A              ; NORMAL               ; Untyped                   ;
; CLOCK_ENABLE_OUTPUT_B              ; NORMAL               ; Untyped                   ;
; CLOCK_ENABLE_CORE_A                ; USE_INPUT_CLKEN      ; Untyped                   ;
; CLOCK_ENABLE_CORE_B                ; USE_INPUT_CLKEN      ; Untyped                   ;
; ENABLE_ECC                         ; FALSE                ; Untyped                   ;
; DEVICE_FAMILY                      ; Cyclone              ; Untyped                   ;
; CBXI_PARAMETER                     ; altsyncram_5lu       ; Untyped                   ;
+------------------------------------+----------------------+---------------------------+
Note: In order to hide this table in the UI and the text report file, please set the "Show Parameter Settings Tables in Synthesis Report" option in "Analysis and Synthesis Settings -> More Settings" to "Off".


+----------------------------------------------------------------------------------+
; altsyncram Parameter Settings by Entity Instance                                 ;
+-------------------------------------------+--------------------------------------+
; Name                                      ; Value                                ;
+-------------------------------------------+--------------------------------------+
; Number of entity instances                ; 1                                    ;
; Entity Instance                           ; decorder:d4|altsyncram:WideOr1_rtl_0 ;
;     -- OPERATION_MODE                     ; ROM                                  ;
;     -- WIDTH_A                            ; 11                                   ;
;     -- NUMWORDS_A                         ; 512                                  ;
;     -- OUTDATA_REG_A                      ; UNREGISTERED                         ;
;     -- WIDTH_B                            ; 1                                    ;
;     -- NUMWORDS_B                         ; 1                                    ;
;     -- ADDRESS_REG_B                      ; CLOCK1                               ;
;     -- OUTDATA_REG_B                      ; UNREGISTERED                         ;
;     -- RAM_BLOCK_TYPE                     ; AUTO                                 ;
;     -- READ_DURING_WRITE_MODE_MIXED_PORTS ; DONT_CARE                            ;
+-------------------------------------------+--------------------------------------+


+----------------------------------------+
; Port Connectivity Checks: "div_c:d3"   ;
+------+-------+----------+--------------+
; Port ; Type  ; Severity ; Details      ;
+------+-------+----------+--------------+
; max  ; Input ; Info     ; Stuck at VCC ;
+------+-------+----------+--------------+


+----------------------------------------+
; Port Connectivity Checks: "div_f:d2"   ;
+------+-------+----------+--------------+
; Port ; Type  ; Severity ; Details      ;
+------+-------+----------+--------------+
; max  ; Input ; Info     ; Stuck at VCC ;
+------+-------+----------+--------------+


+-------------------------------+
; Analysis & Synthesis Messages ;
+-------------------------------+
Info: *******************************************************************
Info: Running Quartus II Analysis & Synthesis
    Info: Version 9.0 Build 132 02/25/2009 SJ Web Edition
    Info: Processing started: Fri Dec 18 09:29:15 2020
Info: Command: quartus_map --read_settings_files=on --write_settings_files=off qimo -c qimo
Info: Found 7 design units, including 7 entities, in source file qimo.v
    Info: Found entity 1: qimo
    Info: Found entity 2: div_f
    Info: Found entity 3: div_c
    Info: Found entity 4: contorller
    Info: Found entity 5: shifter
    Info: Found entity 6: flasher
    Info: Found entity 7: decorder
Info: Elaborating entity "qimo" for the top level hierarchy
Info: Elaborating entity "div_f" for hierarchy "div_f:d2"
Info: Elaborating entity "div_c" for hierarchy "div_c:d3"
Info: Elaborating entity "contorller" for hierarchy "contorller:c4"
Info: Elaborating entity "shifter" for hierarchy "shifter:s1"
Info: Elaborating entity "flasher" for hierarchy "flasher:f1"
Info: Elaborating entity "decorder" for hierarchy "decorder:d4"
Info: Inferred 1 megafunctions from design logic
    Info: Inferred altsyncram megafunction from the following design logic: "decorder:d4|WideOr1~0"
        Info: Parameter OPERATION_MODE set to ROM
        Info: Parameter WIDTH_A set to 11
        Info: Parameter WIDTHAD_A set to 9
        Info: Parameter NUMWORDS_A set to 512
        Info: Parameter OUTDATA_REG_A set to UNREGISTERED
        Info: Parameter RAM_BLOCK_TYPE set to AUTO
        Info: Parameter INIT_FILE set to qimo.qimo0.rtl.mif
Info: Elaborated megafunction instantiation "decorder:d4|altsyncram:WideOr1_rtl_0"
Info: Instantiated megafunction "decorder:d4|altsyncram:WideOr1_rtl_0" with the following parameter:
    Info: Parameter "OPERATION_MODE" = "ROM"
    Info: Parameter "WIDTH_A" = "11"
    Info: Parameter "WIDTHAD_A" = "9"
    Info: Parameter "NUMWORDS_A" = "512"
    Info: Parameter "OUTDATA_REG_A" = "UNREGISTERED"
    Info: Parameter "RAM_BLOCK_TYPE" = "AUTO"
    Info: Parameter "INIT_FILE" = "qimo.qimo0.rtl.mif"
Info: Found 1 design units, including 1 entities, in source file db/altsyncram_5lu.tdf
    Info: Found entity 1: altsyncram_5lu
Info: Implemented 1466 device resources after synthesis - the final resource count might be different
    Info: Implemented 5 input pins
    Info: Implemented 48 output pins
    Info: Implemented 1402 logic cells
    Info: Implemented 11 RAM segments
Info: Quartus II Analysis & Synthesis was successful. 0 errors, 0 warnings
    Info: Peak virtual memory: 242 megabytes
    Info: Processing ended: Fri Dec 18 09:29:21 2020
    Info: Elapsed time: 00:00:06
    Info: Total CPU time (on all processors): 00:00:05


